C:\Users\user\Desktop\Alex\PROJ\MyWork02\Dimensions.js
C:\Users\user\Desktop\Alex\PROJ\MyWork02\Dimensions.js.map
C:\Users\user\Desktop\Alex\PROJ\MyWork02\Skirt.js
C:\Users\user\Desktop\Alex\PROJ\MyWork02\Skirt.js.map
C:\Users\user\Desktop\Alex\PROJ\MyWork02\GeneralGlasses.js
C:\Users\user\Desktop\Alex\PROJ\MyWork02\GeneralGlasses.js.map
C:\Users\user\Desktop\Alex\PROJ\MyWork02\TShirt.js
C:\Users\user\Desktop\Alex\PROJ\MyWork02\TShirt.js.map
C:\Users\user\Desktop\Alex\PROJ\MyWork02\SportShoes.js
C:\Users\user\Desktop\Alex\PROJ\MyWork02\SportShoes.js.map
C:\Users\user\Desktop\Alex\PROJ\MyWork02\SunGlasses.js
C:\Users\user\Desktop\Alex\PROJ\MyWork02\SunGlasses.js.map
C:\Users\user\Desktop\Alex\PROJ\MyWork02\Test.js
C:\Users\user\Desktop\Alex\PROJ\MyWork02\Test.js.map
C:\Users\user\Desktop\Alex\PROJ\MyWork02\Shop.js
C:\Users\user\Desktop\Alex\PROJ\MyWork02\Shop.js.map
C:\Users\user\Desktop\Alex\PROJ\MyWork02\Brand.js
C:\Users\user\Desktop\Alex\PROJ\MyWork02\Brand.js.map
C:\Users\user\Desktop\Alex\PROJ\MyWork02\Accesorizes.js
C:\Users\user\Desktop\Alex\PROJ\MyWork02\Accesorizes.js.map
C:\Users\user\Desktop\Alex\PROJ\MyWork02\Clothes.js
C:\Users\user\Desktop\Alex\PROJ\MyWork02\Clothes.js.map
C:\Users\user\Desktop\Alex\PROJ\MyWork02\GeneralGirlsClothes.js
C:\Users\user\Desktop\Alex\PROJ\MyWork02\GeneralGirlsClothes.js.map
C:\Users\user\Desktop\Alex\PROJ\MyWork02\GeneralHeaddress.js
C:\Users\user\Desktop\Alex\PROJ\MyWork02\GeneralHeaddress.js.map
C:\Users\user\Desktop\Alex\PROJ\MyWork02\GeneralOutwear.js
C:\Users\user\Desktop\Alex\PROJ\MyWork02\GeneralOutwear.js.map
C:\Users\user\Desktop\Alex\PROJ\MyWork02\GeneralPants.js
C:\Users\user\Desktop\Alex\PROJ\MyWork02\GeneralPants.js.map
C:\Users\user\Desktop\Alex\PROJ\MyWork02\GeneralShirt.js
C:\Users\user\Desktop\Alex\PROJ\MyWork02\GeneralShirt.js.map
C:\Users\user\Desktop\Alex\PROJ\MyWork02\GeneralShoes.js
C:\Users\user\Desktop\Alex\PROJ\MyWork02\GeneralShoes.js.map
C:\Users\user\Desktop\Alex\PROJ\MyWork02\Generator.js
C:\Users\user\Desktop\Alex\PROJ\MyWork02\Generator.js.map
C:\Users\user\Desktop\Alex\PROJ\MyWork02\Belt.js
C:\Users\user\Desktop\Alex\PROJ\MyWork02\Belt.js.map
C:\Users\user\Desktop\Alex\PROJ\MyWork02\Blousse.js
C:\Users\user\Desktop\Alex\PROJ\MyWork02\Blousse.js.map
C:\Users\user\Desktop\Alex\PROJ\MyWork02\ButtonedShirt.js
C:\Users\user\Desktop\Alex\PROJ\MyWork02\ButtonedShirt.js.map
C:\Users\user\Desktop\Alex\PROJ\MyWork02\Cap.js
C:\Users\user\Desktop\Alex\PROJ\MyWork02\Cap.js.map
C:\Users\user\Desktop\Alex\PROJ\MyWork02\Coat.js
C:\Users\user\Desktop\Alex\PROJ\MyWork02\Coat.js.map
C:\Users\user\Desktop\Alex\PROJ\MyWork02\CozyShoes.js
C:\Users\user\Desktop\Alex\PROJ\MyWork02\CozyShoes.js.map
C:\Users\user\Desktop\Alex\PROJ\MyWork02\Dress.js
C:\Users\user\Desktop\Alex\PROJ\MyWork02\Dress.js.map
C:\Users\user\Desktop\Alex\PROJ\MyWork02\ElegantPants.js
C:\Users\user\Desktop\Alex\PROJ\MyWork02\ElegantPants.js.map
C:\Users\user\Desktop\Alex\PROJ\MyWork02\ElegantShoes.js
C:\Users\user\Desktop\Alex\PROJ\MyWork02\ElegantShoes.js.map
C:\Users\user\Desktop\Alex\PROJ\MyWork02\EveningDress.js
C:\Users\user\Desktop\Alex\PROJ\MyWork02\EveningDress.js.map
C:\Users\user\Desktop\Alex\PROJ\MyWork02\Hat.js
C:\Users\user\Desktop\Alex\PROJ\MyWork02\Hat.js.map
C:\Users\user\Desktop\Alex\PROJ\MyWork02\HighHeels.js
C:\Users\user\Desktop\Alex\PROJ\MyWork02\HighHeels.js.map
C:\Users\user\Desktop\Alex\PROJ\MyWork02\Jacket.js
C:\Users\user\Desktop\Alex\PROJ\MyWork02\Jacket.js.map
C:\Users\user\Desktop\Alex\PROJ\MyWork02\Jeans.js
C:\Users\user\Desktop\Alex\PROJ\MyWork02\Jeans.js.map
C:\Users\user\Desktop\Alex\PROJ\MyWork02\ReadingGlasses.js
C:\Users\user\Desktop\Alex\PROJ\MyWork02\ReadingGlasses.js.map
C:\Users\user\Desktop\Alex\PROJ\MyWork02\Shorts.js
C:\Users\user\Desktop\Alex\PROJ\MyWork02\Shorts.js.map
C:\Users\user\Desktop\Alex\PROJ\MyWork02\main.js
C:\Users\user\Desktop\Alex\PROJ\MyWork02\main.js.map
